Arguments: 
  /Users/wulunyi/.nvm/versions/node/v8.3.0/bin/node /Users/wulunyi/.nvm/versions/node/v8.3.0/bin/yarn add typescript --dev

PATH: 
  /Users/wulunyi/workplace/wly/workplace/cocos2d-x-3.16/templates:/Users/wulunyi/workplace/wly/workplace:/Users/wulunyi/workplace/wly/workplace/cocos2d-x-3.16/tools/cocos2d-console/bin:/Users/wulunyi/Library/Android/sdk/tools:/Users/wulunyi/Library/Android/sdk/platform-tools:/Users/wulunyi/Library/Android/sdk:/Users/wulunyi/Downloads/cocos2d-x-3.16/templates:/Users/wulunyi/Downloads:/Users/wulunyi/Downloads/cocos2d-x-3.16/tools/cocos2d-console/bin:/Users/wulunyi/.nvm/versions/node/v8.3.0/bin:/usr/local/bin:/usr/bin:/bin:/usr/sbin:/sbin:/usr/local/share/dotnet:/Library/Frameworks/Mono.framework/Versions/Current/Commands:/Users/wulunyi/workplace/wly/workplace/cocos2d-x-3.16/templates:/Users/wulunyi/workplace/wly/workplace:/Users/wulunyi/workplace/wly/workplace/cocos2d-x-3.16/tools/cocos2d-console/bin:/Users/wulunyi/Library/Android/sdk/tools:/Users/wulunyi/Library/Android/sdk/platform-tools:/Users/wulunyi/Library/Android/sdk:/Users/wulunyi/Downloads/cocos2d-x-3.16/templates:/Users/wulunyi/Downloads:/Users/wulunyi/Downloads/cocos2d-x-3.16/tools/cocos2d-console/bin:/usr/local/mongodb/bin:/usr/local/mongodb/bin:/Users/wulunyi/Library/Android/sdk/tools:/Users/wulunyi/Library/Android/sdk/platform-tools

Yarn version: 
  1.3.2

Node version: 
  8.3.0

Platform: 
  darwin x64

npm manifest: 
  {
    "name": "cpreview",
    "version": "1.0.0",
    "main": "index.js",
    "repository": "git@github.com:wulunyi/cpreview.git",
    "author": "吴伦毅 <wulunyi@weidian.com>",
    "license": "MIT",
    "dependencies": {
      "@types/lodash": "^4.14.106",
      "lodash": "^4.17.5"
    }
  }

yarn manifest: 
  No manifest

Lockfile: 
  # THIS IS AN AUTOGENERATED FILE. DO NOT EDIT THIS FILE DIRECTLY.
  # yarn lockfile v1
  
  
  "@types/lodash@^4.14.106":
    version "4.14.106"
    resolved "http://10.8.97.143:3001/@types/lodash/download/@types/lodash-4.14.106.tgz#6093e9a02aa567ddecfe9afadca89e53e5dce4dd"
  
  lodash@^4.17.5:
    version "4.17.5"
    resolved "http://10.8.97.143:3001/lodash/download/lodash-4.17.5.tgz#99a92d65c0272debe8c96b6057bc8fbfa3bed511"

Trace: 
  Error: http://10.8.97.143:3001/typescript/download/typescript-2.8.1.tgz: ENOENT: no such file or directory, utime '/Users/wulunyi/Library/Caches/Yarn/v1/npm-typescript-2.8.1-6160e4f8f195d5ba81d4876f9c0cc1fbc0820624/lib/tsc.js'
